\BOOKMARK [1][-]{Abstract.1}{Abstract}{}% 1
\BOOKMARK [1][-]{tableofcontents.1}{Contents}{}% 2
\BOOKMARK [0][]{chapter*.2}{List of Figures}{}% 3
\BOOKMARK [0][]{chapter*.3}{Listings}{}% 4
\BOOKMARK [0][]{chapter.1}{1 Introduction and Background}{}% 5
\BOOKMARK [1][-]{section.1.1}{1.1 Cluster States}{chapter.1}% 6
\BOOKMARK [1][-]{section.1.2}{1.2 Measurement Based Quantum Computation}{chapter.1}% 7
\BOOKMARK [0][]{chapter.2}{2 One Way Quantum Computation}{}% 8
\BOOKMARK [1][-]{section.2.1}{2.1 Hamiltonian on interacting particles}{chapter.2}% 9
\BOOKMARK [1][-]{section.2.2}{2.2 Two qubit cluster state}{chapter.2}% 10
\BOOKMARK [1][-]{section.2.3}{2.3 Three qubit cluster state}{chapter.2}% 11
\BOOKMARK [1][-]{section.2.4}{2.4 Quantum controlled Z operator}{chapter.2}% 12
\BOOKMARK [1][-]{section.2.5}{2.5 Measurement based gate operation}{chapter.2}% 13
\BOOKMARK [2][-]{subsection.2.5.1}{2.5.1 One bit teleportation}{section.2.5}% 14
\BOOKMARK [2][-]{subsection.2.5.2}{2.5.2 Controlled not gate}{section.2.5}% 15
\BOOKMARK [2][-]{subsection.2.5.3}{2.5.3 Gate universality}{section.2.5}% 16
\BOOKMARK [0][]{chapter.3}{3 Error Correction}{}% 17
\BOOKMARK [1][-]{section.3.1}{3.1 Logical qubits}{chapter.3}% 18
\BOOKMARK [1][-]{section.3.2}{3.2 Logical operations}{chapter.3}% 19
\BOOKMARK [2][-]{subsection.3.2.1}{3.2.1 Logical Z operation}{section.3.2}% 20
\BOOKMARK [2][-]{subsection.3.2.2}{3.2.2 Logical X operation}{section.3.2}% 21
\BOOKMARK [2][-]{subsection.3.2.3}{3.2.3 Logical Hadamard operation}{section.3.2}% 22
\BOOKMARK [2][-]{subsection.3.2.4}{3.2.4 Logical rotation operation}{section.3.2}% 23
\BOOKMARK [2][-]{subsection.3.2.5}{3.2.5 Logical controlled Z operation}{section.3.2}% 24
\BOOKMARK [1][-]{section.3.3}{3.3 Entangled three qubit states}{chapter.3}% 25
\BOOKMARK [2][-]{subsection.3.3.1}{3.3.1 Demonstration of the validity of simpler operations}{section.3.3}% 26
\BOOKMARK [2][-]{subsection.3.3.2}{3.3.2 Second set of diagonal operations}{section.3.3}% 27
\BOOKMARK [2][-]{subsection.3.3.3}{3.3.3 Final diagonals}{section.3.3}% 28
\BOOKMARK [1][-]{section.3.4}{3.4 General Encoding}{chapter.3}% 29
\BOOKMARK [1][-]{section.3.5}{3.5 Error}{chapter.3}% 30
\BOOKMARK [1][-]{section.3.6}{3.6 Higher Complexities}{chapter.3}% 31
\BOOKMARK [0][]{chapter.4}{4 Simulation of One Way Quantum Computation}{}% 32
\BOOKMARK [1][-]{section.4.1}{4.1 Set-up}{chapter.4}% 33
\BOOKMARK [2][-]{subsection.4.1.1}{4.1.1 Resources used}{section.4.1}% 34
\BOOKMARK [2][-]{subsection.4.1.2}{4.1.2 Subroutines}{section.4.1}% 35
\BOOKMARK [2][-]{subsection.4.1.3}{4.1.3 Libraries}{section.4.1}% 36
\BOOKMARK [2][-]{subsection.4.1.4}{4.1.4 Precision}{section.4.1}% 37
\BOOKMARK [1][-]{section.4.2}{4.2 CZ Operation}{chapter.4}% 38
\BOOKMARK [2][-]{subsection.4.2.1}{4.2.1 Kronecker Product routine}{section.4.2}% 39
\BOOKMARK [2][-]{subsection.4.2.2}{4.2.2 Improvements}{section.4.2}% 40
\BOOKMARK [1][-]{section.4.3}{4.3 Other qubit operations}{chapter.4}% 41
\BOOKMARK [2][-]{subsection.4.3.1}{4.3.1 Pauli Z Operation}{section.4.3}% 42
\BOOKMARK [2][-]{subsection.4.3.2}{4.3.2 Hadamard Operation}{section.4.3}% 43
\BOOKMARK [2][-]{subsection.4.3.3}{4.3.3 Logical Operations}{section.4.3}% 44
\BOOKMARK [1][-]{section.4.4}{4.4 Measurement}{chapter.4}% 45
\BOOKMARK [2][-]{subsection.4.4.1}{4.4.1 Random measurement in basis}{section.4.4}% 46
\BOOKMARK [2][-]{subsection.4.4.2}{4.4.2 Pauli bases measurement}{section.4.4}% 47
\BOOKMARK [2][-]{subsection.4.4.3}{4.4.3 Arbitrary measurement}{section.4.4}% 48
\BOOKMARK [2][-]{subsection.4.4.4}{4.4.4 Feed Forward}{section.4.4}% 49
\BOOKMARK [2][-]{subsection.4.4.5}{4.4.5 Multiple Outputs}{section.4.4}% 50
\BOOKMARK [1][-]{section.4.5}{4.5 Decomposition}{chapter.4}% 51
\BOOKMARK [2][-]{subsection.4.5.1}{4.5.1 Rank decomposition}{section.4.5}% 52
\BOOKMARK [2][-]{subsection.4.5.2}{4.5.2 Single value decomposition}{section.4.5}% 53
\BOOKMARK [1][-]{section.4.6}{4.6 Error}{chapter.4}% 54
\BOOKMARK [2][-]{subsection.4.6.1}{4.6.1 Flip error}{section.4.6}% 55
\BOOKMARK [2][-]{subsection.4.6.2}{4.6.2 Phase error}{section.4.6}% 56
\BOOKMARK [1][-]{section.4.7}{4.7 Data Analysis}{chapter.4}% 57
\BOOKMARK [2][-]{subsection.4.7.1}{4.7.1 Fidelity}{section.4.7}% 58
\BOOKMARK [2][-]{subsection.4.7.2}{4.7.2 Bulk data}{section.4.7}% 59
\BOOKMARK [1][-]{section.4.8}{4.8 Error Correction Scheme}{chapter.4}% 60
\BOOKMARK [2][-]{subsection.4.8.1}{4.8.1 Encoding}{section.4.8}% 61
\BOOKMARK [2][-]{subsection.4.8.2}{4.8.2 Correction}{section.4.8}% 62
\BOOKMARK [1][-]{section.4.9}{4.9 Other structures}{chapter.4}% 63
\BOOKMARK [2][-]{subsection.4.9.1}{4.9.1 Controlled not gate}{section.4.9}% 64
\BOOKMARK [2][-]{subsection.4.9.2}{4.9.2 Controlled phase gate}{section.4.9}% 65
\BOOKMARK [2][-]{subsection.4.9.3}{4.9.3 Quantum Fourier transform}{section.4.9}% 66
\BOOKMARK [0][]{chapter.5}{5 Conclusions}{}% 67
\BOOKMARK [1][-]{section.5.1}{5.1 Choice of resources}{chapter.5}% 68
\BOOKMARK [1][-]{section.5.2}{5.2 Matrix Decomposition}{chapter.5}% 69
\BOOKMARK [1][-]{section.5.3}{5.3 Further Work}{chapter.5}% 70
\BOOKMARK [0][]{chapter.6}{6 Additional Work}{}% 71
\BOOKMARK [1][-]{section.6.1}{6.1 Errata}{chapter.6}% 72
\BOOKMARK [2][-]{subsection.6.1.1}{6.1.1 Basis measurement}{section.6.1}% 73
\BOOKMARK [2][-]{subsection.6.1.2}{6.1.2 Normalisation}{section.6.1}% 74
\BOOKMARK [2][-]{subsection.6.1.3}{6.1.3 Feed forward operators}{section.6.1}% 75
\BOOKMARK [2][-]{subsection.6.1.4}{6.1.4 Measurement subroutine}{section.6.1}% 76
\BOOKMARK [2][-]{subsection.6.1.5}{6.1.5 Numerical Value Precision}{section.6.1}% 77
\BOOKMARK [1][-]{section.6.2}{6.2 Adjustments and Improvements}{chapter.6}% 78
\BOOKMARK [2][-]{subsection.6.2.1}{6.2.1 Rearrangement of fidelity function}{section.6.2}% 79
\BOOKMARK [2][-]{subsection.6.2.2}{6.2.2 Measurement subroutine}{section.6.2}% 80
\BOOKMARK [2][-]{subsection.6.2.3}{6.2.3 Libraries}{section.6.2}% 81
\BOOKMARK [2][-]{subsection.6.2.4}{6.2.4 Data format}{section.6.2}% 82
\BOOKMARK [1][-]{section.6.3}{6.3 Program outputs}{chapter.6}% 83
\BOOKMARK [1][-]{section.6.4}{6.4 Larger chain program}{chapter.6}% 84
\BOOKMARK [2][-]{subsection.6.4.1}{6.4.1 Projection operators}{section.6.4}% 85
\BOOKMARK [2][-]{subsection.6.4.2}{6.4.2 Outer product subroutine}{section.6.4}% 86
\BOOKMARK [2][-]{subsection.6.4.3}{6.4.3 New measurement subroutine}{section.6.4}% 87
\BOOKMARK [2][-]{subsection.6.4.4}{6.4.4 Retrieving output states}{section.6.4}% 88
\BOOKMARK [1][-]{section.6.5}{6.5 Observations}{chapter.6}% 89
\BOOKMARK [2][-]{subsection.6.5.1}{6.5.1 Subroutine improvements}{section.6.5}% 90
\BOOKMARK [2][-]{subsection.6.5.2}{6.5.2 Timing and Scaling}{section.6.5}% 91
\BOOKMARK [1][-]{section.6.6}{6.6 Conclusions}{chapter.6}% 92
\BOOKMARK [0][]{appendix.A}{A Appendix A: Code}{}% 93
\BOOKMARK [1][-]{section.A.1}{A.1 Single Chain Program}{appendix.A}% 94
\BOOKMARK [1][-]{section.A.2}{A.2 CZ Operation Module}{appendix.A}% 95
\BOOKMARK [1][-]{section.A.3}{A.3 Kronecker Product Module}{appendix.A}% 96
\BOOKMARK [1][-]{section.A.4}{A.4 Measurement Module}{appendix.A}% 97
\BOOKMARK [1][-]{section.A.5}{A.5 Fidelity Function}{appendix.A}% 98
\BOOKMARK [0][]{appendix.B}{B Appendix B: Resources Used}{}% 99
\BOOKMARK [1][-]{section.B.1}{B.1 Computer Used}{appendix.B}% 100
\BOOKMARK [1][-]{section.B.2}{B.2 Compiler Settings}{appendix.B}% 101
\BOOKMARK [0][]{appendix.C}{C Appendix C: Additional Code}{}% 102
\BOOKMARK [1][-]{section.C.1}{C.1 Single Chain Program}{appendix.C}% 103
\BOOKMARK [1][-]{section.C.2}{C.2 Projection operators program}{appendix.C}% 104
\BOOKMARK [1][-]{section.C.3}{C.3 Kronecker Product Module}{appendix.C}% 105
\BOOKMARK [1][-]{section.C.4}{C.4 Measurement Module}{appendix.C}% 106
\BOOKMARK [1][-]{section.C.5}{C.5 Repeating single chain program}{appendix.C}% 107
\BOOKMARK [1][-]{section.C.6}{C.6 Repeating projection operators program}{appendix.C}% 108
\BOOKMARK [0][]{dummy.2}{Bibliography}{}% 109
