\BOOKMARK [1][-]{tableofcontents.1}{Contents}{}
\BOOKMARK [0][]{chapter*.1}{List of Figures}{}
\BOOKMARK [0][]{chapter*.2}{Listings}{}
\BOOKMARK [0][]{chapter.1}{1 Additional Work}{}
\BOOKMARK [1][-]{section.1.1}{1.1 Errata}{chapter.1}
\BOOKMARK [2][-]{subsection.1.1.1}{1.1.1 Basis measurement}{section.1.1}
\BOOKMARK [2][-]{subsection.1.1.2}{1.1.2 Normalisation}{section.1.1}
\BOOKMARK [2][-]{subsection.1.1.3}{1.1.3 Feed forward operators}{section.1.1}
\BOOKMARK [2][-]{subsection.1.1.4}{1.1.4 Measurement subroutine}{section.1.1}
\BOOKMARK [2][-]{subsection.1.1.5}{1.1.5 Numerical Value Precision}{section.1.1}
\BOOKMARK [1][-]{section.1.2}{1.2 Adjustments and Improvements}{chapter.1}
\BOOKMARK [2][-]{subsection.1.2.1}{1.2.1 Rearrangement of fidelity function}{section.1.2}
\BOOKMARK [2][-]{subsection.1.2.2}{1.2.2 Measurement subroutine}{section.1.2}
\BOOKMARK [2][-]{subsection.1.2.3}{1.2.3 Libraries}{section.1.2}
\BOOKMARK [2][-]{subsection.1.2.4}{1.2.4 Data format}{section.1.2}
\BOOKMARK [1][-]{section.1.3}{1.3 Program outputs}{chapter.1}
\BOOKMARK [1][-]{section.1.4}{1.4 Larger chain program}{chapter.1}
\BOOKMARK [2][-]{subsection.1.4.1}{1.4.1 Projection operators}{section.1.4}
\BOOKMARK [2][-]{subsection.1.4.2}{1.4.2 Outer product subroutine}{section.1.4}
\BOOKMARK [2][-]{subsection.1.4.3}{1.4.3 New measurement subroutine}{section.1.4}
\BOOKMARK [2][-]{subsection.1.4.4}{1.4.4 Retrieving output states}{section.1.4}
\BOOKMARK [1][-]{section.1.5}{1.5 Observations}{chapter.1}
\BOOKMARK [2][-]{subsection.1.5.1}{1.5.1 Subroutine improvements}{section.1.5}
\BOOKMARK [2][-]{subsection.1.5.2}{1.5.2 Timing and Scaling}{section.1.5}
\BOOKMARK [1][-]{section.1.6}{1.6 Conclusions}{chapter.1}
\BOOKMARK [0][]{appendix.A}{A Appendix B: Resources Used}{}
\BOOKMARK [1][-]{section.A.1}{A.1 Computer Used}{appendix.A}
\BOOKMARK [1][-]{section.A.2}{A.2 Compiler Settings}{appendix.A}
\BOOKMARK [0][]{appendix.B}{B Appendix C: Additional Code}{}
\BOOKMARK [1][-]{section.B.1}{B.1 Single Chain Program}{appendix.B}
\BOOKMARK [1][-]{section.B.2}{B.2 Projection operators program}{appendix.B}
\BOOKMARK [1][-]{section.B.3}{B.3 Kronecker Product Module}{appendix.B}
\BOOKMARK [1][-]{section.B.4}{B.4 Measurement Module}{appendix.B}
\BOOKMARK [1][-]{section.B.5}{B.5 Repeating single chain program}{appendix.B}
\BOOKMARK [1][-]{section.B.6}{B.6 Repeating projection operators program}{appendix.B}
\BOOKMARK [0][]{dummy.2}{Bibliography}{}
